<?xml version="1.0" encoding="UTF-8"?>
<!-- Generated by org.testng.reporters.JUnitReportReporter -->
<testsuite skipped="0" hostname="2015080004-3WVP" name="Delivery_com_DEL.Delivery_com_DEL.AppTest" tests="1" failures="0" timestamp="06 3ì›” 2019 05:48:43 GMT" time="41.422" errors="0">
  <testcase name="del_com" time="41.422" classname="Delivery_com_DEL.Delivery_com_DEL.AppTest"/>
</testsuite> <!-- Delivery_com_DEL.Delivery_com_DEL.AppTest -->
